Aug 11 00:57:51 archiso systemd-resolved[967]: Got DNS stub UDP query packet for id 46173
Aug 11 00:57:51 archiso systemd-resolved[967]: Looking up RR for slave.www.nosec.makotom.net IN A.
Aug 11 00:57:51 archiso systemd-resolved[967]: Switching to system DNS server 1.1.1.1.
Aug 11 00:57:51 archiso systemd-resolved[967]: Cache miss for slave.www.nosec.makotom.net IN A
Aug 11 00:57:51 archiso systemd-resolved[967]: Transaction 34651 for <slave.www.nosec.makotom.net IN A> scope dns on */*.
Aug 11 00:57:51 archiso systemd-resolved[967]: Using feature level UDP+EDNS0+DO+LARGE for transaction 34651.
Aug 11 00:57:51 archiso systemd-resolved[967]: Using DNS server 1.1.1.1 for transaction 34651.
Aug 11 00:57:51 archiso systemd-resolved[967]: Sending query packet with id 34651.
Aug 11 00:57:51 archiso systemd-resolved[967]: Processing query...
Aug 11 00:57:51 archiso systemd-resolved[967]: Processing incoming packet on transaction 34651 (rcode=SUCCESS).
Aug 11 00:57:51 archiso systemd-resolved[967]: Verified we get a response at feature level UDP+EDNS0+DO from DNS server 1.1.1.1.
Aug 11 00:57:51 archiso systemd-resolved[967]: Requesting SOA to validate transaction 34651 (slave.www.nosec.makotom.net, unsigned non-SOA/NS RRset <slave.www.nosec.makotom.net IN A 192.0.2.2>).
Aug 11 00:57:51 archiso systemd-resolved[967]: Cache miss for slave.www.nosec.makotom.net IN SOA
Aug 11 00:57:51 archiso systemd-resolved[967]: Transaction 14895 for <slave.www.nosec.makotom.net IN SOA> scope dns on */*.
Aug 11 00:57:51 archiso systemd-resolved[967]: Using feature level UDP+EDNS0+DO+LARGE for transaction 14895.
Aug 11 00:57:51 archiso systemd-resolved[967]: Using DNS server 1.1.1.1 for transaction 14895.
Aug 11 00:57:51 archiso systemd-resolved[967]: Sending query packet with id 14895.
Aug 11 00:57:51 archiso systemd-resolved[967]: Processing incoming packet on transaction 14895 (rcode=SUCCESS).
Aug 11 00:57:51 archiso systemd-resolved[967]: Requesting DS to validate transaction 14895 (slave.www.nosec.makotom.net, unsigned SOA/NS RRset).
Aug 11 00:57:51 archiso systemd-resolved[967]: Cache miss for slave.www.nosec.makotom.net IN DS
Aug 11 00:57:51 archiso systemd-resolved[967]: Transaction 19784 for <slave.www.nosec.makotom.net IN DS> scope dns on */*.
Aug 11 00:57:51 archiso systemd-resolved[967]: Using feature level UDP+EDNS0+DO+LARGE for transaction 19784.
Aug 11 00:57:51 archiso systemd-resolved[967]: Using DNS server 1.1.1.1 for transaction 19784.
Aug 11 00:57:51 archiso systemd-resolved[967]: Sending query packet with id 19784.
Aug 11 00:57:51 archiso systemd-resolved[967]: Processing incoming packet on transaction 19784 (rcode=SERVFAIL).
Aug 11 00:57:51 archiso systemd-resolved[967]: Server returned error SERVFAIL, retrying transaction with reduced feature level UDP+EDNS0+DO.
Aug 11 00:57:51 archiso systemd-resolved[967]: Retrying transaction 19784.
Aug 11 00:57:51 archiso systemd-resolved[967]: Cache miss for slave.www.nosec.makotom.net IN DS
Aug 11 00:57:51 archiso systemd-resolved[967]: Transaction 19784 for <slave.www.nosec.makotom.net IN DS> scope dns on */*.
Aug 11 00:57:51 archiso systemd-resolved[967]: Using feature level UDP+EDNS0+DO for transaction 19784.
Aug 11 00:57:51 archiso systemd-resolved[967]: Sending query packet with id 19784.
Aug 11 00:57:51 archiso systemd-resolved[967]: Processing incoming packet on transaction 19784 (rcode=SERVFAIL).
Aug 11 00:57:51 archiso systemd-resolved[967]: Server returned error SERVFAIL, retrying transaction with reduced feature level UDP+EDNS0.
Aug 11 00:57:51 archiso systemd-resolved[967]: Retrying transaction 19784.
Aug 11 00:57:51 archiso systemd-resolved[967]: Cache miss for slave.www.nosec.makotom.net IN DS
Aug 11 00:57:51 archiso systemd-resolved[967]: Transaction 19784 for <slave.www.nosec.makotom.net IN DS> scope dns on */*.
Aug 11 00:57:51 archiso systemd-resolved[967]: Using feature level UDP+EDNS0 for transaction 19784.
Aug 11 00:57:51 archiso systemd-resolved[967]: Sending query packet with id 19784.
Aug 11 00:57:51 archiso systemd-resolved[967]: Processing incoming packet on transaction 19784 (rcode=SERVFAIL).
Aug 11 00:57:51 archiso systemd-resolved[967]: Server returned error SERVFAIL, retrying transaction with reduced feature level UDP.
Aug 11 00:57:51 archiso systemd-resolved[967]: Retrying transaction 19784.
Aug 11 00:57:51 archiso systemd-resolved[967]: Cache miss for slave.www.nosec.makotom.net IN DS
Aug 11 00:57:51 archiso systemd-resolved[967]: Transaction 19784 for <slave.www.nosec.makotom.net IN DS> scope dns on */*.
Aug 11 00:57:51 archiso systemd-resolved[967]: Using feature level UDP for transaction 19784.
Aug 11 00:57:51 archiso systemd-resolved[967]: Sending query packet with id 19784.
Aug 11 00:57:51 archiso systemd-resolved[967]: Processing incoming packet on transaction 19784 (rcode=SERVFAIL).
Aug 11 00:57:51 archiso systemd-resolved[967]: Retrying transaction 19784.
Aug 11 00:57:51 archiso systemd-resolved[967]: Switching to system DNS server 8.8.8.8.
Aug 11 00:57:51 archiso systemd-resolved[967]: Cache miss for slave.www.nosec.makotom.net IN DS
Aug 11 00:57:51 archiso systemd-resolved[967]: Transaction 19784 for <slave.www.nosec.makotom.net IN DS> scope dns on */*.
Aug 11 00:57:51 archiso systemd-resolved[967]: Using feature level UDP+EDNS0+DO+LARGE for transaction 19784.
Aug 11 00:57:51 archiso systemd-resolved[967]: Using DNS server 8.8.8.8 for transaction 19784.
Aug 11 00:57:51 archiso systemd-resolved[967]: Sending query packet with id 19784.
Aug 11 00:57:52 archiso systemd-resolved[967]: Processing incoming packet on transaction 19784 (rcode=SUCCESS).
Aug 11 00:57:52 archiso systemd-resolved[967]: Verified we get a response at feature level UDP+EDNS0+DO from DNS server 8.8.8.8.
Aug 11 00:57:52 archiso systemd-resolved[967]: Requesting parent SOA to validate transaction 19784 (slave.www.nosec.makotom.net, unsigned empty DS response).
Aug 11 00:57:52 archiso systemd-resolved[967]: Cache miss for www.nosec.makotom.net IN SOA
Aug 11 00:57:52 archiso systemd-resolved[967]: Transaction 1157 for <www.nosec.makotom.net IN SOA> scope dns on */*.
Aug 11 00:57:52 archiso systemd-resolved[967]: Using feature level UDP+EDNS0+DO+LARGE for transaction 1157.
Aug 11 00:57:52 archiso systemd-resolved[967]: Using DNS server 8.8.8.8 for transaction 1157.
Aug 11 00:57:52 archiso systemd-resolved[967]: Sending query packet with id 1157.
Aug 11 00:57:52 archiso systemd-resolved[967]: Processing incoming packet on transaction 1157 (rcode=SUCCESS).
Aug 11 00:57:52 archiso systemd-resolved[967]: Requesting parent SOA to validate transaction 1157 (www.nosec.makotom.net, unsigned CNAME/DNAME/DS RRset).
Aug 11 00:57:52 archiso systemd-resolved[967]: Cache miss for nosec.makotom.net IN SOA
Aug 11 00:57:52 archiso systemd-resolved[967]: Transaction 16731 for <nosec.makotom.net IN SOA> scope dns on */*.
Aug 11 00:57:52 archiso systemd-resolved[967]: Using feature level UDP+EDNS0+DO+LARGE for transaction 16731.
Aug 11 00:57:52 archiso systemd-resolved[967]: Using DNS server 8.8.8.8 for transaction 16731.
Aug 11 00:57:52 archiso systemd-resolved[967]: Sending query packet with id 16731.
Aug 11 00:57:52 archiso systemd-resolved[967]: Requesting DS to validate transaction 1157 (master.www.nosec.makotom.net, unsigned SOA/NS RRset).
Aug 11 00:57:52 archiso systemd-resolved[967]: Cache miss for master.www.nosec.makotom.net IN DS
Aug 11 00:57:52 archiso systemd-resolved[967]: Transaction 24002 for <master.www.nosec.makotom.net IN DS> scope dns on */*.
Aug 11 00:57:52 archiso systemd-resolved[967]: Using feature level UDP+EDNS0+DO+LARGE for transaction 24002.
Aug 11 00:57:52 archiso systemd-resolved[967]: Using DNS server 8.8.8.8 for transaction 24002.
Aug 11 00:57:52 archiso systemd-resolved[967]: Sending query packet with id 24002.
Aug 11 00:57:52 archiso systemd-resolved[967]: Processing incoming packet on transaction 16731 (rcode=SUCCESS).
Aug 11 00:57:52 archiso systemd-resolved[967]: Requesting DS to validate transaction 16731 (nosec.makotom.net, unsigned SOA/NS RRset).
Aug 11 00:57:52 archiso systemd-resolved[967]: Cache miss for nosec.makotom.net IN DS
Aug 11 00:57:52 archiso systemd-resolved[967]: Transaction 13370 for <nosec.makotom.net IN DS> scope dns on */*.
Aug 11 00:57:52 archiso systemd-resolved[967]: Using feature level UDP+EDNS0+DO+LARGE for transaction 13370.
Aug 11 00:57:52 archiso systemd-resolved[967]: Using DNS server 8.8.8.8 for transaction 13370.
Aug 11 00:57:52 archiso systemd-resolved[967]: Sending query packet with id 13370.
Aug 11 00:57:52 archiso systemd-resolved[967]: Processing incoming packet on transaction 13370 (rcode=SUCCESS).
Aug 11 00:57:52 archiso systemd-resolved[967]: Requesting DNSKEY to validate transaction 13370 (makotom.net, RRSIG with key tag: 35273).
Aug 11 00:57:52 archiso systemd-resolved[967]: Cache miss for makotom.net IN DNSKEY
Aug 11 00:57:52 archiso systemd-resolved[967]: Transaction 22959 for <makotom.net IN DNSKEY> scope dns on */*.
Aug 11 00:57:52 archiso systemd-resolved[967]: Using feature level UDP+EDNS0+DO+LARGE for transaction 22959.
Aug 11 00:57:52 archiso systemd-resolved[967]: Using DNS server 8.8.8.8 for transaction 22959.
Aug 11 00:57:52 archiso systemd-resolved[967]: Sending query packet with id 22959.
Aug 11 00:57:52 archiso systemd-resolved[967]: Requesting DNSKEY to validate transaction 13370 (nosec.makotom.net, RRSIG with key tag: 35273).
Aug 11 00:57:52 archiso systemd-resolved[967]: Processing incoming packet on transaction 22959 (rcode=SUCCESS).
Aug 11 00:57:52 archiso systemd-resolved[967]: Requesting DS to validate transaction 22959 (makotom.net, DNSKEY with key tag: 2371).
Aug 11 00:57:52 archiso systemd-resolved[967]: Cache miss for makotom.net IN DS
Aug 11 00:57:52 archiso systemd-resolved[967]: Transaction 59387 for <makotom.net IN DS> scope dns on */*.
Aug 11 00:57:52 archiso systemd-resolved[967]: Using feature level UDP+EDNS0+DO+LARGE for transaction 59387.
Aug 11 00:57:52 archiso systemd-resolved[967]: Using DNS server 8.8.8.8 for transaction 59387.
Aug 11 00:57:52 archiso systemd-resolved[967]: Sending query packet with id 59387.
Aug 11 00:57:52 archiso systemd-resolved[967]: Requesting DS to validate transaction 22959 (makotom.net, DNSKEY with key tag: 35273).
Aug 11 00:57:52 archiso systemd-resolved[967]: Processing incoming packet on transaction 59387 (rcode=SUCCESS).
Aug 11 00:57:52 archiso systemd-resolved[967]: Requesting DNSKEY to validate transaction 59387 (makotom.net, RRSIG with key tag: 7934).
Aug 11 00:57:52 archiso systemd-resolved[967]: Cache miss for net IN DNSKEY
Aug 11 00:57:52 archiso systemd-resolved[967]: Transaction 18519 for <net IN DNSKEY> scope dns on */*.
Aug 11 00:57:52 archiso systemd-resolved[967]: Using feature level UDP+EDNS0+DO+LARGE for transaction 18519.
Aug 11 00:57:52 archiso systemd-resolved[967]: Using DNS server 8.8.8.8 for transaction 18519.
Aug 11 00:57:52 archiso systemd-resolved[967]: Sending query packet with id 18519.
Aug 11 00:57:52 archiso systemd-resolved[967]: Processing incoming packet on transaction 18519 (rcode=SUCCESS).
Aug 11 00:57:52 archiso systemd-resolved[967]: Requesting DS to validate transaction 18519 (net, DNSKEY with key tag: 35886).
Aug 11 00:57:52 archiso systemd-resolved[967]: Cache miss for net IN DS
Aug 11 00:57:52 archiso systemd-resolved[967]: Transaction 52822 for <net IN DS> scope dns on */*.
Aug 11 00:57:52 archiso systemd-resolved[967]: Using feature level UDP+EDNS0+DO+LARGE for transaction 52822.
Aug 11 00:57:52 archiso systemd-resolved[967]: Using DNS server 8.8.8.8 for transaction 52822.
Aug 11 00:57:52 archiso systemd-resolved[967]: Sending query packet with id 52822.
Aug 11 00:57:52 archiso systemd-resolved[967]: Requesting DS to validate transaction 18519 (net, DNSKEY with key tag: 7934).
Aug 11 00:57:52 archiso systemd-resolved[967]: Processing incoming packet on transaction 52822 (rcode=SUCCESS).
Aug 11 00:57:52 archiso systemd-resolved[967]: Requesting DNSKEY to validate transaction 52822 (net, RRSIG with key tag: 41656).
Aug 11 00:57:52 archiso systemd-resolved[967]: Cache miss for . IN DNSKEY
Aug 11 00:57:52 archiso systemd-resolved[967]: Transaction 54209 for <. IN DNSKEY> scope dns on */*.
Aug 11 00:57:52 archiso systemd-resolved[967]: Using feature level UDP+EDNS0+DO+LARGE for transaction 54209.
Aug 11 00:57:52 archiso systemd-resolved[967]: Using DNS server 8.8.8.8 for transaction 54209.
Aug 11 00:57:52 archiso systemd-resolved[967]: Sending query packet with id 54209.
Aug 11 00:57:52 archiso systemd-resolved[967]: Processing incoming packet on transaction 54209 (rcode=SUCCESS).
Aug 11 00:57:52 archiso systemd-resolved[967]: Requesting DS to validate transaction 54209 (., DNSKEY with key tag: 41656).
Aug 11 00:57:52 archiso systemd-resolved[967]: Requesting DS to validate transaction 54209 (., DNSKEY with key tag: 19036).
Aug 11 00:57:52 archiso systemd-resolved[967]: Requesting DS to validate transaction 54209 (., DNSKEY with key tag: 20326).
Aug 11 00:57:52 archiso systemd-resolved[967]: Validating response from transaction 54209 (. IN DNSKEY).
Aug 11 00:57:52 archiso systemd-resolved[967]: Looking at . IN DNSKEY 256 3 RSASHA256 AwEAAfaifSqh+9ItxYRCwuiY0FY2NkaEwd/zmyVvakixDgTOkgG
Aug 11 00:57:52 archiso systemd-resolved[967]:                             /PUzlEauAiKzlxGwezjqbKFPSwrY3qHmbbsSTY6G8hZtna8k26e
Aug 11 00:57:52 archiso systemd-resolved[967]:                             Cwy59Chh573cu8qtBkmUIXMYG3fSdlUReP+uhBWBfKI2aGwhRmQ
Aug 11 00:57:52 archiso systemd-resolved[967]:                             YR0zSmg7PGOde34c/rOItK1ebJhjTAJ6TmnON7qMfk/lKvH4qOv
Aug 11 00:57:52 archiso systemd-resolved[967]:                             YtzstLhr7Pn9ZOVLx/WUKQpU/nEyFyTduRbz1nZqkp6yMuHwWVs
Aug 11 00:57:52 archiso systemd-resolved[967]:                             ABK8lUYXSaUrDAsuMSldhafmR/A15BxNhv9M7mzJj7UH2RVME9J
Aug 11 00:57:52 archiso systemd-resolved[967]:                             bYinBEzWwW9GpnY+ZmBWgZiRVTaDuemCTJ5ZJWLRs=
Aug 11 00:57:52 archiso systemd-resolved[967]:         -- Flags: ZONE_KEY
Aug 11 00:57:52 archiso systemd-resolved[967]:         -- Key tag: 41656: validated
Aug 11 00:57:52 archiso systemd-resolved[967]: Found verdict for lookup . IN DNSKEY: secure
Aug 11 00:57:52 archiso systemd-resolved[967]: Added positive authenticated cache entry for . IN DNSKEY 7200s on */INET/8.8.8.8
Aug 11 00:57:52 archiso systemd-resolved[967]: Added positive authenticated cache entry for . IN DNSKEY 7200s on */INET/8.8.8.8
Aug 11 00:57:52 archiso systemd-resolved[967]: Added positive authenticated cache entry for . IN DNSKEY 7200s on */INET/8.8.8.8
Aug 11 00:57:52 archiso systemd-resolved[967]: Transaction 54209 for <. IN DNSKEY> on scope dns on */* now complete with <success> from network (authenticated).
Aug 11 00:57:52 archiso systemd-resolved[967]: Validating response from transaction 52822 (net IN DS).
Aug 11 00:57:52 archiso systemd-resolved[967]: Looking at net IN DS 35886 8 2 7862b27f5f516ebe19680444d4ce5e762981931842c465f00236401d8bd973ee: validated
Aug 11 00:57:52 archiso systemd-resolved[967]: Found verdict for lookup net IN DS: secure
Aug 11 00:57:52 archiso systemd-resolved[967]: Added positive authenticated cache entry for net IN DS 7200s on */INET/8.8.8.8
Aug 11 00:57:52 archiso systemd-resolved[967]: Transaction 52822 for <net IN DS> on scope dns on */* now complete with <success> from network (authenticated).
Aug 11 00:57:52 archiso systemd-resolved[967]: Validating response from transaction 18519 (net IN DNSKEY).
Aug 11 00:57:52 archiso systemd-resolved[967]: Looking at net IN DNSKEY 257 3 RSASHA256 AQOYBnzqWXIEj6mlgXg4LWC0HP2n8eK8XqgHlmJ/69iuIHsa1
Aug 11 00:57:52 archiso systemd-resolved[967]:                               TrHDG6TcOra/pyeGKwH0nKZhTmXSuUFGh9BCNiwVDuyyb6OBG
Aug 11 00:57:52 archiso systemd-resolved[967]:                               y2Nte9Kr8NwWg4q+zhSoOf4D+gC9dEzg0yFdwT0DKEvmNPt0K
Aug 11 00:57:52 archiso systemd-resolved[967]:                               4jbQDS4Yimb+uPKuF6yieWWrPYYCrv8C9KC8JMze2uT6NuWBf
Aug 11 00:57:52 archiso systemd-resolved[967]:                               sl2fDUoV4l65qMww06D7n+p7RbdwWkAZ0fA63mXVXBZF6kpDt
Aug 11 00:57:52 archiso systemd-resolved[967]:                               sYD7SUB9jhhfLQE/r85bvg3FaSs5Wi2BaqN06SzGWI1DHu7ax
Aug 11 00:57:52 archiso systemd-resolved[967]:                               thIOeHwg00zxlhTpoYCH0ldoQz+S65zWYi/fRJiyLSBb6JZOv
Aug 11 00:57:52 archiso systemd-resolved[967]:                               n
Aug 11 00:57:52 archiso systemd-resolved[967]:         -- Flags: SEP ZONE_KEY
Aug 11 00:57:52 archiso systemd-resolved[967]:         -- Key tag: 35886: validated
Aug 11 00:57:52 archiso systemd-resolved[967]: Found verdict for lookup net IN DNSKEY: secure
Aug 11 00:57:52 archiso systemd-resolved[967]: Added positive authenticated cache entry for net IN DNSKEY 7200s on */INET/8.8.8.8
Aug 11 00:57:52 archiso systemd-resolved[967]: Added positive authenticated cache entry for net IN DNSKEY 7200s on */INET/8.8.8.8
Aug 11 00:57:52 archiso systemd-resolved[967]: Transaction 18519 for <net IN DNSKEY> on scope dns on */* now complete with <success> from network (authenticated).
Aug 11 00:57:52 archiso systemd-resolved[967]: Validating response from transaction 59387 (makotom.net IN DS).
Aug 11 00:57:52 archiso systemd-resolved[967]: Looking at makotom.net IN DS 2371 13 2 51f313bfd9f3d65d1fd53d79e2e24f11860f83e982836474f0b03c9797ae96f6: validated
Aug 11 00:57:52 archiso systemd-resolved[967]: Found verdict for lookup makotom.net IN DS: secure
Aug 11 00:57:52 archiso systemd-resolved[967]: Added positive authenticated cache entry for makotom.net IN DS 7200s on */INET/8.8.8.8
Aug 11 00:57:52 archiso systemd-resolved[967]: Transaction 59387 for <makotom.net IN DS> on scope dns on */* now complete with <success> from network (authenticated).
Aug 11 00:57:52 archiso systemd-resolved[967]: Validating response from transaction 22959 (makotom.net IN DNSKEY).
Aug 11 00:57:52 archiso systemd-resolved[967]: Looking at makotom.net IN DNSKEY 257 3 ECDSAP256SHA256 
Aug 11 00:57:52 archiso systemd-resolved[967]:         mdsswUyr3DPW132mOi8V9xESWE8jTo0dxCjjnopKl+GqJxpVXckHAeF+KkxLbxILfDLUT0r
Aug 11 00:57:52 archiso systemd-resolved[967]:         AK9iUzy1L53eKGQ==
Aug 11 00:57:52 archiso systemd-resolved[967]:         -- Flags: SEP ZONE_KEY
Aug 11 00:57:52 archiso systemd-resolved[967]:         -- Key tag: 2371: validated
Aug 11 00:57:52 archiso systemd-resolved[967]: Found verdict for lookup makotom.net IN DNSKEY: secure
Aug 11 00:57:52 archiso systemd-resolved[967]: Added positive authenticated cache entry for makotom.net IN DNSKEY 3599s on */INET/8.8.8.8
Aug 11 00:57:52 archiso systemd-resolved[967]: Added positive authenticated cache entry for makotom.net IN DNSKEY 3599s on */INET/8.8.8.8
Aug 11 00:57:52 archiso systemd-resolved[967]: Transaction 22959 for <makotom.net IN DNSKEY> on scope dns on */* now complete with <success> from network (authenticated).
Aug 11 00:57:52 archiso systemd-resolved[967]: Validating response from transaction 13370 (nosec.makotom.net IN DS).
Aug 11 00:57:52 archiso systemd-resolved[967]: Looking at nosec.makotom.net IN NSEC nosec\000.makotom.net ( NS RRSIG NSEC ): validated
Aug 11 00:57:52 archiso systemd-resolved[967]: Found verdict for lookup nosec.makotom.net IN NSEC: secure
Aug 11 00:57:52 archiso systemd-resolved[967]: Looking at makotom.net IN SOA ada.ns.cloudflare.com dns.cloudflare.com 2028557298 10000 2400 604800 3600: validated
Aug 11 00:57:52 archiso systemd-resolved[967]: Found verdict for lookup makotom.net IN SOA: secure
Aug 11 00:57:52 archiso systemd-resolved[967]: Proved NODATA via NSEC/NSEC3 for transaction 13370 (nosec.makotom.net IN DS)
Aug 11 00:57:52 archiso systemd-resolved[967]: Found verdict for lookup nosec.makotom.net IN DS: secure
Aug 11 00:57:52 archiso systemd-resolved[967]: Added positive authenticated cache entry for makotom.net IN SOA 1799s on */INET/8.8.8.8
Aug 11 00:57:52 archiso systemd-resolved[967]: Added NODATA cache entry for nosec.makotom.net IN DS 1799s
Aug 11 00:57:52 archiso systemd-resolved[967]: Transaction 13370 for <nosec.makotom.net IN DS> on scope dns on */* now complete with <success> from network (authenticated).
Aug 11 00:57:52 archiso systemd-resolved[967]: Validating response from transaction 16731 (nosec.makotom.net IN SOA).
Aug 11 00:57:52 archiso systemd-resolved[967]: Looking at nosec.makotom.net IN SOA ns1.he.net hostmaster.he.net 2018081049 86400 7200 3600000 86400: no-signature
Aug 11 00:57:52 archiso systemd-resolved[967]: Found verdict for lookup nosec.makotom.net IN SOA: insecure
Aug 11 00:57:52 archiso systemd-resolved[967]: Added positive unauthenticated cache entry for nosec.makotom.net IN SOA 7200s on */INET/8.8.8.8
Aug 11 00:57:52 archiso systemd-resolved[967]: Transaction 16731 for <nosec.makotom.net IN SOA> on scope dns on */* now complete with <success> from network (unsigned).
Aug 11 00:57:52 archiso systemd-resolved[967]: Processing incoming packet on transaction 24002 (rcode=SUCCESS).
Aug 11 00:57:52 archiso systemd-resolved[967]: Requesting parent SOA to validate transaction 24002 (master.www.nosec.makotom.net, unsigned empty DS response).
Aug 11 00:57:52 archiso systemd-resolved[967]: Potential cyclic dependency, refusing to add transaction 1157 (master.www.nosec.makotom.net IN DS) as dependency for 24002 (www.nosec.makotom.net IN SOA).
Aug 11 00:57:52 archiso systemd-resolved[967]: Validating response from transaction 24002 (master.www.nosec.makotom.net IN DS).
Aug 11 00:57:52 archiso systemd-resolved[967]: Found verdict for lookup master.www.nosec.makotom.net IN DS: bogus
Aug 11 00:57:52 archiso systemd-resolved[967]: DNSSEC validation failed for question master.www.nosec.makotom.net IN DS: no-signature
Aug 11 00:57:52 archiso systemd-resolved[967]: Transaction 24002 for <master.www.nosec.makotom.net IN DS> on scope dns on */* now complete with <dnssec-failed> from network (unsigned).
Aug 11 00:57:52 archiso systemd-resolved[967]: Auxiliary DNSSEC RR query failed validation: no-signature
Aug 11 00:57:52 archiso systemd-resolved[967]: DNSSEC validation failed for question www.nosec.makotom.net IN SOA: no-signature
Aug 11 00:57:52 archiso systemd-resolved[967]: Transaction 1157 for <www.nosec.makotom.net IN SOA> on scope dns on */* now complete with <dnssec-failed> from network (unsigned).
Aug 11 00:57:52 archiso systemd-resolved[967]: Auxiliary DNSSEC RR query failed validation: no-signature
Aug 11 00:57:52 archiso systemd-resolved[967]: DNSSEC validation failed for question slave.www.nosec.makotom.net IN DS: no-signature
Aug 11 00:57:52 archiso systemd-resolved[967]: Transaction 19784 for <slave.www.nosec.makotom.net IN DS> on scope dns on */* now complete with <dnssec-failed> from network (unsigned).
Aug 11 00:57:52 archiso systemd-resolved[967]: Auxiliary DNSSEC RR query failed validation: no-signature
Aug 11 00:57:52 archiso systemd-resolved[967]: DNSSEC validation failed for question slave.www.nosec.makotom.net IN SOA: no-signature
Aug 11 00:57:52 archiso systemd-resolved[967]: Transaction 14895 for <slave.www.nosec.makotom.net IN SOA> on scope dns on */* now complete with <dnssec-failed> from network (unsigned).
Aug 11 00:57:52 archiso systemd-resolved[967]: Auxiliary DNSSEC RR query failed validation: no-signature
Aug 11 00:57:52 archiso systemd-resolved[967]: DNSSEC validation failed for question slave.www.nosec.makotom.net IN A: no-signature
Aug 11 00:57:52 archiso systemd-resolved[967]: Transaction 34651 for <slave.www.nosec.makotom.net IN A> on scope dns on */* now complete with <dnssec-failed> from network (unsigned).
Aug 11 00:57:52 archiso systemd-resolved[967]: Sending response packet with id 46173 on interface 1/AF_INET.
Aug 11 00:57:52 archiso systemd-resolved[967]: Freeing transaction 34651.
Aug 11 00:57:52 archiso systemd-resolved[967]: Freeing transaction 14895.
Aug 11 00:57:52 archiso systemd-resolved[967]: Freeing transaction 19784.
Aug 11 00:57:52 archiso systemd-resolved[967]: Freeing transaction 1157.
Aug 11 00:57:52 archiso systemd-resolved[967]: Freeing transaction 16731.
Aug 11 00:57:52 archiso systemd-resolved[967]: Freeing transaction 13370.
Aug 11 00:57:52 archiso systemd-resolved[967]: Freeing transaction 22959.
Aug 11 00:57:52 archiso systemd-resolved[967]: Freeing transaction 59387.
Aug 11 00:57:52 archiso systemd-resolved[967]: Freeing transaction 18519.
Aug 11 00:57:52 archiso systemd-resolved[967]: Freeing transaction 52822.
Aug 11 00:57:52 archiso systemd-resolved[967]: Freeing transaction 54209.
Aug 11 00:57:52 archiso systemd-resolved[967]: Freeing transaction 24002.
